\BOOKMARK [0][-]{chapter.1}{\376\377\0001\000\040\000H\000i\000e\000r\000a\000r\000c\000h\000i\000c\000a\000l\000\040\000I\000n\000d\000e\000x}{}% 1
\BOOKMARK [1][-]{section.1.1}{\376\377\0001\000.\0001\000\040\000C\000l\000a\000s\000s\000\040\000H\000i\000e\000r\000a\000r\000c\000h\000y}{chapter.1}% 2
\BOOKMARK [0][-]{chapter.2}{\376\377\0002\000\040\000C\000l\000a\000s\000s\000\040\000I\000n\000d\000e\000x}{}% 3
\BOOKMARK [1][-]{section.2.1}{\376\377\0002\000.\0001\000\040\000C\000l\000a\000s\000s\000\040\000L\000i\000s\000t}{chapter.2}% 4
\BOOKMARK [0][-]{chapter.3}{\376\377\0003\000\040\000C\000l\000a\000s\000s\000\040\000D\000o\000c\000u\000m\000e\000n\000t\000a\000t\000i\000o\000n}{}% 5
\BOOKMARK [1][-]{section.3.1}{\376\377\0003\000.\0001\000\040\000g\000u\000i\000.\000s\000i\000m\000p\000l\000e\000W\000i\000n\000d\000o\000w\000.\000A\000c\000t\000o\000r\000R\000e\000c\000t\000a\000n\000g\000l\000e\000\040\000C\000l\000a\000s\000s\000\040\000R\000e\000f\000e\000r\000e\000n\000c\000e}{chapter.3}% 6
\BOOKMARK [2][-]{subsection.3.1.1}{\376\377\0003\000.\0001\000.\0001\000\040\000D\000e\000t\000a\000i\000l\000e\000d\000\040\000D\000e\000s\000c\000r\000i\000p\000t\000i\000o\000n}{section.3.1}% 7
\BOOKMARK [2][-]{subsection.3.1.2}{\376\377\0003\000.\0001\000.\0002\000\040\000C\000o\000n\000s\000t\000r\000u\000c\000t\000o\000r\000\040\000\046\000\040\000D\000e\000s\000t\000r\000u\000c\000t\000o\000r\000\040\000D\000o\000c\000u\000m\000e\000n\000t\000a\000t\000i\000o\000n}{section.3.1}% 8
\BOOKMARK [3][-]{subsubsection.3.1.2.1}{\376\377\0003\000.\0001\000.\0002\000.\0001\000\040\000A\000c\000t\000o\000r\000R\000e\000c\000t\000a\000n\000g\000l\000e\000\050\000\051}{subsection.3.1.2}% 9
\BOOKMARK [2][-]{subsection.3.1.3}{\376\377\0003\000.\0001\000.\0003\000\040\000M\000e\000m\000b\000e\000r\000\040\000F\000u\000n\000c\000t\000i\000o\000n\000\040\000D\000o\000c\000u\000m\000e\000n\000t\000a\000t\000i\000o\000n}{section.3.1}% 10
\BOOKMARK [3][-]{subsubsection.3.1.3.1}{\376\377\0003\000.\0001\000.\0003\000.\0001\000\040\000g\000e\000t\000I\000m\000d\000b\000\050\000\051}{subsection.3.1.3}% 11
\BOOKMARK [3][-]{subsubsection.3.1.3.2}{\376\377\0003\000.\0001\000.\0003\000.\0002\000\040\000h\000i\000d\000e\000N\000a\000m\000e\000\050\000\051}{subsection.3.1.3}% 12
\BOOKMARK [3][-]{subsubsection.3.1.3.3}{\376\377\0003\000.\0001\000.\0003\000.\0003\000\040\000i\000s\000A\000c\000t\000i\000v\000e\000\050\000\051}{subsection.3.1.3}% 13
\BOOKMARK [3][-]{subsubsection.3.1.3.4}{\376\377\0003\000.\0001\000.\0003\000.\0004\000\040\000s\000h\000o\000w\000N\000a\000m\000e\000\050\000\051}{subsection.3.1.3}% 14
\BOOKMARK [1][-]{section.3.2}{\376\377\0003\000.\0002\000\040\000s\000c\000r\000e\000e\000n\000s\000h\000o\000t\000s\000.\000B\000a\000s\000h\000C\000o\000m\000m\000a\000n\000d\000E\000x\000e\000c\000u\000t\000o\000r\000\040\000C\000l\000a\000s\000s\000\040\000R\000e\000f\000e\000r\000e\000n\000c\000e}{chapter.3}% 15
\BOOKMARK [2][-]{subsection.3.2.1}{\376\377\0003\000.\0002\000.\0001\000\040\000D\000e\000t\000a\000i\000l\000e\000d\000\040\000D\000e\000s\000c\000r\000i\000p\000t\000i\000o\000n}{section.3.2}% 16
\BOOKMARK [2][-]{subsection.3.2.2}{\376\377\0003\000.\0002\000.\0002\000\040\000M\000e\000m\000b\000e\000r\000\040\000F\000u\000n\000c\000t\000i\000o\000n\000\040\000D\000o\000c\000u\000m\000e\000n\000t\000a\000t\000i\000o\000n}{section.3.2}% 17
\BOOKMARK [3][-]{subsubsection.3.2.2.1}{\376\377\0003\000.\0002\000.\0002\000.\0001\000\040\000r\000u\000n\000C\000o\000m\000m\000a\000n\000d\000\050\000\051}{subsection.3.2.2}% 18
\BOOKMARK [1][-]{section.3.3}{\376\377\0003\000.\0003\000\040\000c\000l\000e\000a\000n\000e\000r\000.\000C\000l\000e\000a\000n\000e\000r\000\040\000C\000l\000a\000s\000s\000\040\000R\000e\000f\000e\000r\000e\000n\000c\000e}{chapter.3}% 19
\BOOKMARK [2][-]{subsection.3.3.1}{\376\377\0003\000.\0003\000.\0001\000\040\000D\000e\000t\000a\000i\000l\000e\000d\000\040\000D\000e\000s\000c\000r\000i\000p\000t\000i\000o\000n}{section.3.3}% 20
\BOOKMARK [2][-]{subsection.3.3.2}{\376\377\0003\000.\0003\000.\0002\000\040\000M\000e\000m\000b\000e\000r\000\040\000F\000u\000n\000c\000t\000i\000o\000n\000\040\000D\000o\000c\000u\000m\000e\000n\000t\000a\000t\000i\000o\000n}{section.3.3}% 21
\BOOKMARK [3][-]{subsubsection.3.3.2.1}{\376\377\0003\000.\0003\000.\0002\000.\0001\000\040\000d\000e\000l\000e\000t\000e\000S\000c\000r\000e\000e\000n\000s\000h\000o\000t\000s\000F\000r\000o\000m\000S\000e\000s\000s\000i\000o\000n\000\050\000\051}{subsection.3.3.2}% 22
\BOOKMARK [1][-]{section.3.4}{\376\377\0003\000.\0004\000\040\000t\000r\000a\000n\000s\000m\000i\000s\000s\000i\000o\000n\000.\000C\000l\000i\000e\000n\000t\000\040\000C\000l\000a\000s\000s\000\040\000R\000e\000f\000e\000r\000e\000n\000c\000e}{chapter.3}% 23
\BOOKMARK [2][-]{subsection.3.4.1}{\376\377\0003\000.\0004\000.\0001\000\040\000D\000e\000t\000a\000i\000l\000e\000d\000\040\000D\000e\000s\000c\000r\000i\000p\000t\000i\000o\000n}{section.3.4}% 24
\BOOKMARK [1][-]{section.3.5}{\376\377\0003\000.\0005\000\040\000k\000e\000y\000l\000i\000s\000t\000e\000n\000e\000r\000.\000G\000l\000o\000b\000a\000l\000K\000e\000y\000L\000i\000s\000t\000e\000n\000e\000r\000\040\000C\000l\000a\000s\000s\000\040\000R\000e\000f\000e\000r\000e\000n\000c\000e}{chapter.3}% 25
\BOOKMARK [2][-]{subsection.3.5.1}{\376\377\0003\000.\0005\000.\0001\000\040\000D\000e\000t\000a\000i\000l\000e\000d\000\040\000D\000e\000s\000c\000r\000i\000p\000t\000i\000o\000n}{section.3.5}% 26
\BOOKMARK [2][-]{subsection.3.5.2}{\376\377\0003\000.\0005\000.\0002\000\040\000M\000e\000m\000b\000e\000r\000\040\000F\000u\000n\000c\000t\000i\000o\000n\000\040\000D\000o\000c\000u\000m\000e\000n\000t\000a\000t\000i\000o\000n}{section.3.5}% 27
\BOOKMARK [3][-]{subsubsection.3.5.2.1}{\376\377\0003\000.\0005\000.\0002\000.\0001\000\040\000g\000e\000t\000C\000u\000r\000r\000e\000n\000t\000C\000o\000n\000f\000i\000g\000\050\000\051}{subsection.3.5.2}% 28
\BOOKMARK [3][-]{subsubsection.3.5.2.2}{\376\377\0003\000.\0005\000.\0002\000.\0002\000\040\000n\000a\000t\000i\000v\000e\000K\000e\000y\000P\000r\000e\000s\000s\000e\000d\000\050\000\051}{subsection.3.5.2}% 29
\BOOKMARK [3][-]{subsubsection.3.5.2.3}{\376\377\0003\000.\0005\000.\0002\000.\0003\000\040\000n\000a\000t\000i\000v\000e\000K\000e\000y\000R\000e\000l\000e\000a\000s\000e\000d\000\050\000\051}{subsection.3.5.2}% 30
\BOOKMARK [3][-]{subsubsection.3.5.2.4}{\376\377\0003\000.\0005\000.\0002\000.\0004\000\040\000r\000u\000n\000\050\000\051}{subsection.3.5.2}% 31
\BOOKMARK [3][-]{subsubsection.3.5.2.5}{\376\377\0003\000.\0005\000.\0002\000.\0005\000\040\000s\000e\000t\000C\000o\000n\000f\000i\000g\000\050\000\051}{subsection.3.5.2}% 32
\BOOKMARK [3][-]{subsubsection.3.5.2.6}{\376\377\0003\000.\0005\000.\0002\000.\0006\000\040\000s\000e\000t\000L\000i\000s\000t\000e\000n\000e\000r\000S\000t\000a\000t\000e\000\050\000\051}{subsection.3.5.2}% 33
\BOOKMARK [3][-]{subsubsection.3.5.2.7}{\376\377\0003\000.\0005\000.\0002\000.\0007\000\040\000s\000t\000a\000r\000t\000L\000i\000s\000t\000e\000n\000e\000r\000\050\000\051}{subsection.3.5.2}% 34
\BOOKMARK [1][-]{section.3.6}{\376\377\0003\000.\0006\000\040\000g\000u\000i\000.\000G\000U\000I\000M\000a\000n\000a\000g\000e\000r\000\040\000C\000l\000a\000s\000s\000\040\000R\000e\000f\000e\000r\000e\000n\000c\000e}{chapter.3}% 35
\BOOKMARK [2][-]{subsection.3.6.1}{\376\377\0003\000.\0006\000.\0001\000\040\000D\000e\000t\000a\000i\000l\000e\000d\000\040\000D\000e\000s\000c\000r\000i\000p\000t\000i\000o\000n}{section.3.6}% 36
\BOOKMARK [2][-]{subsection.3.6.2}{\376\377\0003\000.\0006\000.\0002\000\040\000M\000e\000m\000b\000e\000r\000\040\000F\000u\000n\000c\000t\000i\000o\000n\000\040\000D\000o\000c\000u\000m\000e\000n\000t\000a\000t\000i\000o\000n}{section.3.6}% 37
\BOOKMARK [3][-]{subsubsection.3.6.2.1}{\376\377\0003\000.\0006\000.\0002\000.\0001\000\040\000c\000l\000e\000a\000r\000S\000i\000m\000p\000l\000e\000W\000i\000n\000d\000o\000w\000\050\000\051}{subsection.3.6.2}% 38
\BOOKMARK [3][-]{subsubsection.3.6.2.2}{\376\377\0003\000.\0006\000.\0002\000.\0002\000\040\000c\000r\000e\000a\000t\000e\000S\000i\000m\000p\000l\000e\000W\000i\000n\000d\000o\000w\000\050\000\051}{subsection.3.6.2}% 39
\BOOKMARK [3][-]{subsubsection.3.6.2.3}{\376\377\0003\000.\0006\000.\0002\000.\0003\000\040\000l\000o\000a\000d\000S\000e\000t\000t\000i\000n\000g\000s\000\050\000\051}{subsection.3.6.2}% 40
\BOOKMARK [3][-]{subsubsection.3.6.2.4}{\376\377\0003\000.\0006\000.\0002\000.\0004\000\040\000s\000a\000v\000e\000C\000o\000n\000f\000i\000g\000\050\000\051}{subsection.3.6.2}% 41
\BOOKMARK [3][-]{subsubsection.3.6.2.5}{\376\377\0003\000.\0006\000.\0002\000.\0005\000\040\000s\000e\000t\000P\000r\000o\000g\000r\000a\000m\000M\000o\000d\000e\000\050\000\051}{subsection.3.6.2}% 42
\BOOKMARK [3][-]{subsubsection.3.6.2.6}{\376\377\0003\000.\0006\000.\0002\000.\0006\000\040\000s\000e\000t\000S\000c\000r\000e\000e\000n\000S\000i\000z\000e\000\050\000\051}{subsection.3.6.2}% 43
\BOOKMARK [3][-]{subsubsection.3.6.2.7}{\376\377\0003\000.\0006\000.\0002\000.\0007\000\040\000s\000h\000o\000w\000D\000e\000t\000a\000i\000l\000s\000P\000a\000n\000e\000\050\000\051}{subsection.3.6.2}% 44
\BOOKMARK [1][-]{section.3.7}{\376\377\0003\000.\0007\000\040\000s\000c\000r\000e\000e\000n\000s\000h\000o\000t\000s\000.\000I\000S\000c\000r\000e\000e\000n\000s\000h\000o\000t\000e\000r\000\040\000I\000n\000t\000e\000r\000f\000a\000c\000e\000\040\000R\000e\000f\000e\000r\000e\000n\000c\000e}{chapter.3}% 45
\BOOKMARK [1][-]{section.3.8}{\376\377\0003\000.\0008\000\040\000g\000u\000i\000.\000s\000i\000m\000p\000l\000e\000W\000i\000n\000d\000o\000w\000.\000J\000a\000v\000a\000F\000X\000S\000i\000m\000p\000l\000e\000W\000i\000n\000d\000o\000w\000\040\000C\000l\000a\000s\000s\000\040\000R\000e\000f\000e\000r\000e\000n\000c\000e}{chapter.3}% 46
\BOOKMARK [2][-]{subsection.3.8.1}{\376\377\0003\000.\0008\000.\0001\000\040\000D\000e\000t\000a\000i\000l\000e\000d\000\040\000D\000e\000s\000c\000r\000i\000p\000t\000i\000o\000n}{section.3.8}% 47
\BOOKMARK [2][-]{subsection.3.8.2}{\376\377\0003\000.\0008\000.\0002\000\040\000M\000e\000m\000b\000e\000r\000\040\000F\000u\000n\000c\000t\000i\000o\000n\000\040\000D\000o\000c\000u\000m\000e\000n\000t\000a\000t\000i\000o\000n}{section.3.8}% 48
\BOOKMARK [3][-]{subsubsection.3.8.2.1}{\376\377\0003\000.\0008\000.\0002\000.\0001\000\040\000c\000l\000e\000a\000r\000D\000a\000t\000a\000\050\000\051}{subsection.3.8.2}% 49
\BOOKMARK [3][-]{subsubsection.3.8.2.2}{\376\377\0003\000.\0008\000.\0002\000.\0002\000\040\000d\000r\000a\000w\000R\000e\000c\000t\000a\000n\000g\000l\000e\000s\000\050\000\051}{subsection.3.8.2}% 50
\BOOKMARK [3][-]{subsubsection.3.8.2.3}{\376\377\0003\000.\0008\000.\0002\000.\0003\000\040\000g\000e\000t\000A\000c\000t\000i\000v\000e\000A\000c\000t\000o\000r\000\050\000\051}{subsection.3.8.2}% 51
\BOOKMARK [3][-]{subsubsection.3.8.2.4}{\376\377\0003\000.\0008\000.\0002\000.\0004\000\040\000l\000o\000a\000d\000A\000c\000t\000o\000r\000s\000\050\000\051}{subsection.3.8.2}% 52
\BOOKMARK [3][-]{subsubsection.3.8.2.5}{\376\377\0003\000.\0008\000.\0002\000.\0005\000\040\000m\000a\000i\000n\000\050\000\051}{subsection.3.8.2}% 53
\BOOKMARK [3][-]{subsubsection.3.8.2.6}{\376\377\0003\000.\0008\000.\0002\000.\0006\000\040\000r\000e\000l\000o\000c\000a\000t\000e\000W\000i\000n\000d\000o\000w\000\050\000\051}{subsection.3.8.2}% 54
\BOOKMARK [3][-]{subsubsection.3.8.2.7}{\376\377\0003\000.\0008\000.\0002\000.\0007\000\040\000s\000e\000t\000A\000c\000t\000o\000r\000D\000e\000t\000a\000i\000l\000s\000\050\000\051}{subsection.3.8.2}% 55
\BOOKMARK [3][-]{subsubsection.3.8.2.8}{\376\377\0003\000.\0008\000.\0002\000.\0008\000\040\000s\000e\000t\000L\000a\000b\000e\000l\000C\000s\000s\000\050\000\051}{subsection.3.8.2}% 56
\BOOKMARK [3][-]{subsubsection.3.8.2.9}{\376\377\0003\000.\0008\000.\0002\000.\0009\000\040\000s\000h\000o\000w\000D\000e\000t\000a\000i\000l\000s\000P\000a\000n\000e\000l\000\050\000\051}{subsection.3.8.2}% 57
\BOOKMARK [3][-]{subsubsection.3.8.2.10}{\376\377\0003\000.\0008\000.\0002\000.\0001\0000\000\040\000s\000t\000a\000r\000t\000\050\000\051}{subsection.3.8.2}% 58
\BOOKMARK [1][-]{section.3.9}{\376\377\0003\000.\0009\000\040\000j\000s\000o\000n\000.\000J\000S\000O\000N\000M\000o\000d\000e\000l\000P\000a\000r\000s\000e\000r\000\040\000C\000l\000a\000s\000s\000\040\000R\000e\000f\000e\000r\000e\000n\000c\000e}{chapter.3}% 59
\BOOKMARK [2][-]{subsection.3.9.1}{\376\377\0003\000.\0009\000.\0001\000\040\000D\000e\000t\000a\000i\000l\000e\000d\000\040\000D\000e\000s\000c\000r\000i\000p\000t\000i\000o\000n}{section.3.9}% 60
\BOOKMARK [2][-]{subsection.3.9.2}{\376\377\0003\000.\0009\000.\0002\000\040\000M\000e\000m\000b\000e\000r\000\040\000F\000u\000n\000c\000t\000i\000o\000n\000\040\000D\000o\000c\000u\000m\000e\000n\000t\000a\000t\000i\000o\000n}{section.3.9}% 61
\BOOKMARK [3][-]{subsubsection.3.9.2.1}{\376\377\0003\000.\0009\000.\0002\000.\0001\000\040\000p\000a\000r\000s\000e\000T\000o\000A\000c\000t\000o\000r\000\050\000\051}{subsection.3.9.2}% 62
\BOOKMARK [3][-]{subsubsection.3.9.2.2}{\376\377\0003\000.\0009\000.\0002\000.\0002\000\040\000p\000a\000r\000s\000e\000T\000o\000M\000o\000v\000i\000e\000C\000r\000e\000d\000i\000t\000\050\000\051}{subsection.3.9.2}% 63
\BOOKMARK [3][-]{subsubsection.3.9.2.3}{\376\377\0003\000.\0009\000.\0002\000.\0003\000\040\000p\000a\000r\000s\000e\000T\000o\000S\000i\000m\000p\000l\000e\000A\000c\000t\000o\000r\000\050\000\051}{subsection.3.9.2}% 64
\BOOKMARK [1][-]{section.3.10}{\376\377\0003\000.\0001\0000\000\040\000k\000e\000y\000l\000i\000s\000t\000e\000n\000e\000r\000.\000K\000e\000y\000T\000r\000a\000n\000s\000l\000a\000t\000o\000r\000\040\000C\000l\000a\000s\000s\000\040\000R\000e\000f\000e\000r\000e\000n\000c\000e}{chapter.3}% 65
\BOOKMARK [2][-]{subsection.3.10.1}{\376\377\0003\000.\0001\0000\000.\0001\000\040\000D\000e\000t\000a\000i\000l\000e\000d\000\040\000D\000e\000s\000c\000r\000i\000p\000t\000i\000o\000n}{section.3.10}% 66
\BOOKMARK [2][-]{subsection.3.10.2}{\376\377\0003\000.\0001\0000\000.\0002\000\040\000M\000e\000m\000b\000e\000r\000\040\000F\000u\000n\000c\000t\000i\000o\000n\000\040\000D\000o\000c\000u\000m\000e\000n\000t\000a\000t\000i\000o\000n}{section.3.10}% 67
\BOOKMARK [3][-]{subsubsection.3.10.2.1}{\376\377\0003\000.\0001\0000\000.\0002\000.\0001\000\040\000g\000e\000t\000K\000e\000y\000N\000a\000m\000e\000\050\000\051}{subsection.3.10.2}% 68
\BOOKMARK [3][-]{subsubsection.3.10.2.2}{\376\377\0003\000.\0001\0000\000.\0002\000.\0002\000\040\000g\000e\000t\000K\000e\000y\000N\000u\000m\000b\000e\000r\000\050\000\051}{subsection.3.10.2}% 69
\BOOKMARK [1][-]{section.3.11}{\376\377\0003\000.\0001\0001\000\040\000m\000a\000i\000n\000.\000M\000a\000i\000n\000\040\000C\000l\000a\000s\000s\000\040\000R\000e\000f\000e\000r\000e\000n\000c\000e}{chapter.3}% 70
\BOOKMARK [2][-]{subsection.3.11.1}{\376\377\0003\000.\0001\0001\000.\0001\000\040\000D\000e\000t\000a\000i\000l\000e\000d\000\040\000D\000e\000s\000c\000r\000i\000p\000t\000i\000o\000n}{section.3.11}% 71
\BOOKMARK [1][-]{section.3.12}{\376\377\0003\000.\0001\0002\000\040\000g\000u\000i\000.\000s\000i\000m\000p\000l\000e\000W\000i\000n\000d\000o\000w\000.\000R\000u\000n\000S\000i\000m\000p\000l\000e\000W\000i\000n\000d\000o\000w\000\040\000C\000l\000a\000s\000s\000\040\000R\000e\000f\000e\000r\000e\000n\000c\000e}{chapter.3}% 72
\BOOKMARK [2][-]{subsection.3.12.1}{\376\377\0003\000.\0001\0002\000.\0001\000\040\000D\000e\000t\000a\000i\000l\000e\000d\000\040\000D\000e\000s\000c\000r\000i\000p\000t\000i\000o\000n}{section.3.12}% 73
\BOOKMARK [2][-]{subsection.3.12.2}{\376\377\0003\000.\0001\0002\000.\0002\000\040\000C\000o\000n\000s\000t\000r\000u\000c\000t\000o\000r\000\040\000\046\000\040\000D\000e\000s\000t\000r\000u\000c\000t\000o\000r\000\040\000D\000o\000c\000u\000m\000e\000n\000t\000a\000t\000i\000o\000n}{section.3.12}% 74
\BOOKMARK [3][-]{subsubsection.3.12.2.1}{\376\377\0003\000.\0001\0002\000.\0002\000.\0001\000\040\000R\000u\000n\000S\000i\000m\000p\000l\000e\000W\000i\000n\000d\000o\000w\000\050\000\051}{subsection.3.12.2}% 75
\BOOKMARK [2][-]{subsection.3.12.3}{\376\377\0003\000.\0001\0002\000.\0003\000\040\000M\000e\000m\000b\000e\000r\000\040\000F\000u\000n\000c\000t\000i\000o\000n\000\040\000D\000o\000c\000u\000m\000e\000n\000t\000a\000t\000i\000o\000n}{section.3.12}% 76
\BOOKMARK [3][-]{subsubsection.3.12.3.1}{\376\377\0003\000.\0001\0002\000.\0003\000.\0001\000\040\000r\000u\000n\000\050\000\051}{subsection.3.12.3}% 77
\BOOKMARK [1][-]{section.3.13}{\376\377\0003\000.\0001\0003\000\040\000s\000c\000r\000e\000e\000n\000s\000h\000o\000t\000s\000.\000S\000c\000r\000e\000e\000n\000s\000h\000o\000t\000M\000a\000n\000a\000g\000e\000r\000\040\000C\000l\000a\000s\000s\000\040\000R\000e\000f\000e\000r\000e\000n\000c\000e}{chapter.3}% 78
\BOOKMARK [2][-]{subsection.3.13.1}{\376\377\0003\000.\0001\0003\000.\0001\000\040\000D\000e\000t\000a\000i\000l\000e\000d\000\040\000D\000e\000s\000c\000r\000i\000p\000t\000i\000o\000n}{section.3.13}% 79
\BOOKMARK [2][-]{subsection.3.13.2}{\376\377\0003\000.\0001\0003\000.\0002\000\040\000M\000e\000m\000b\000e\000r\000\040\000F\000u\000n\000c\000t\000i\000o\000n\000\040\000D\000o\000c\000u\000m\000e\000n\000t\000a\000t\000i\000o\000n}{section.3.13}% 80
\BOOKMARK [3][-]{subsubsection.3.13.2.1}{\376\377\0003\000.\0001\0003\000.\0002\000.\0001\000\040\000c\000a\000p\000t\000u\000r\000e\000A\000c\000t\000i\000v\000e\000W\000i\000n\000d\000o\000w\000\050\000\051}{subsection.3.13.2}% 81
\BOOKMARK [3][-]{subsubsection.3.13.2.2}{\376\377\0003\000.\0001\0003\000.\0002\000.\0002\000\040\000c\000a\000p\000t\000u\000r\000e\000F\000u\000l\000l\000S\000c\000r\000e\000e\000n\000\050\000\051}{subsection.3.13.2}% 82
\BOOKMARK [3][-]{subsubsection.3.13.2.3}{\376\377\0003\000.\0001\0003\000.\0002\000.\0003\000\040\000s\000e\000n\000d\000S\000c\000r\000e\000e\000n\000s\000h\000o\000t\000\050\000\051}{subsection.3.13.2}% 83
\BOOKMARK [1][-]{section.3.14}{\376\377\0003\000.\0001\0004\000\040\000s\000c\000r\000e\000e\000n\000s\000h\000o\000t\000s\000.\000S\000c\000r\000e\000e\000n\000s\000h\000o\000t\000V\000i\000a\000G\000n\000o\000m\000e\000\040\000C\000l\000a\000s\000s\000\040\000R\000e\000f\000e\000r\000e\000n\000c\000e}{chapter.3}% 84
\BOOKMARK [2][-]{subsection.3.14.1}{\376\377\0003\000.\0001\0004\000.\0001\000\040\000D\000e\000t\000a\000i\000l\000e\000d\000\040\000D\000e\000s\000c\000r\000i\000p\000t\000i\000o\000n}{section.3.14}% 85
\BOOKMARK [1][-]{section.3.15}{\376\377\0003\000.\0001\0005\000\040\000g\000u\000i\000.\000s\000i\000m\000p\000l\000e\000W\000i\000n\000d\000o\000w\000.\000T\000e\000s\000t\000D\000e\000t\000a\000i\000l\000s\000P\000a\000n\000e\000\040\000C\000l\000a\000s\000s\000\040\000R\000e\000f\000e\000r\000e\000n\000c\000e}{chapter.3}% 86
\BOOKMARK [2][-]{subsection.3.15.1}{\376\377\0003\000.\0001\0005\000.\0001\000\040\000D\000e\000t\000a\000i\000l\000e\000d\000\040\000D\000e\000s\000c\000r\000i\000p\000t\000i\000o\000n}{section.3.15}% 87
\BOOKMARK [1][-]{section.3.16}{\376\377\0003\000.\0001\0006\000\040\000g\000u\000i\000.\000t\000r\000a\000y\000.\000T\000r\000a\000y\000G\000U\000I\000\040\000C\000l\000a\000s\000s\000\040\000R\000e\000f\000e\000r\000e\000n\000c\000e}{chapter.3}% 88
\BOOKMARK [2][-]{subsection.3.16.1}{\376\377\0003\000.\0001\0006\000.\0001\000\040\000D\000e\000t\000a\000i\000l\000e\000d\000\040\000D\000e\000s\000c\000r\000i\000p\000t\000i\000o\000n}{section.3.16}% 89
\BOOKMARK [2][-]{subsection.3.16.2}{\376\377\0003\000.\0001\0006\000.\0002\000\040\000M\000e\000m\000b\000e\000r\000\040\000F\000u\000n\000c\000t\000i\000o\000n\000\040\000D\000o\000c\000u\000m\000e\000n\000t\000a\000t\000i\000o\000n}{section.3.16}% 90
\BOOKMARK [3][-]{subsubsection.3.16.2.1}{\376\377\0003\000.\0001\0006\000.\0002\000.\0001\000\040\000c\000r\000e\000a\000t\000e\000A\000n\000d\000S\000h\000o\000w\000\050\000\051}{subsection.3.16.2}% 91
\BOOKMARK [3][-]{subsubsection.3.16.2.2}{\376\377\0003\000.\0001\0006\000.\0002\000.\0002\000\040\000s\000h\000o\000w\000L\000o\000g\000i\000n\000W\000i\000n\000d\000o\000w\000\050\000\051}{subsection.3.16.2}% 92
\BOOKMARK [3][-]{subsubsection.3.16.2.3}{\376\377\0003\000.\0001\0006\000.\0002\000.\0003\000\040\000s\000h\000o\000w\000S\000e\000t\000t\000i\000n\000g\000s\000W\000i\000n\000d\000o\000w\000\050\000\051}{subsection.3.16.2}% 93
\BOOKMARK [3][-]{subsubsection.3.16.2.4}{\376\377\0003\000.\0001\0006\000.\0002\000.\0004\000\040\000s\000h\000o\000w\000T\000o\000o\000l\000t\000i\000p\000B\000a\000l\000l\000o\000o\000n\000\050\000\051}{subsection.3.16.2}% 94
\BOOKMARK [0][-]{section*.21}{\376\377\000I\000n\000d\000e\000x}{}% 95
